<?xml version="1.0" encoding="UTF-8"?>
<robot generator="Robot 7.0 (Python 3.12.3 on win32)" generated="2024-06-23T17:23:23.590904" rpa="false" schemaversion="5">
<suite id="s1" name="Tastelife-Automation" source="D:\RobotFramework Automation\Tastelife-Automation">
<suite id="s1-s1" name="TastelifeLogin" source="D:\RobotFramework Automation\Tastelife-Automation\TastelifeLogin.robot">
<test id="s1-s1-t1" name="Tastelife-Login-PositiveCase" line="6">
<kw name="Open Browser" owner="SeleniumLibrary">
<msg time="2024-06-23T17:23:23.873981" level="INFO">Opening browser 'Chrome' to base url 'https://uat.tastelifelivelife.com/'.</msg>
<arg>${URL}</arg>
<arg>${Browser}</arg>
<doc>Opens a new browser instance to the optional ``url``.</doc>
<status status="PASS" start="2024-06-23T17:23:23.872974" elapsed="7.661920"/>
</kw>
<kw name="Maximize Browser Window" owner="SeleniumLibrary">
<doc>Maximizes current browser window.</doc>
<status status="PASS" start="2024-06-23T17:23:31.536215" elapsed="0.089656"/>
</kw>
<kw name="Login-Positive-Credentials" owner="LoginKeyword">
<kw name="Wait Until Element Is Visible" owner="SeleniumLibrary">
<arg>xpath=//li[@data-id='3171']</arg>
<doc>Waits until the element ``locator`` is visible.</doc>
<status status="PASS" start="2024-06-23T17:23:31.628870" elapsed="0.058112"/>
</kw>
<kw name="Click Link" owner="SeleniumLibrary">
<msg time="2024-06-23T17:23:31.689997" level="INFO">Clicking link 'link=SIGN UP / LOGIN'.</msg>
<arg>link=SIGN UP / LOGIN</arg>
<doc>Clicks a link identified by ``locator``.</doc>
<status status="PASS" start="2024-06-23T17:23:31.686982" elapsed="1.259984"/>
</kw>
<kw name="Click Element" owner="SeleniumLibrary">
<msg time="2024-06-23T17:23:32.948981" level="INFO">Clicking element 'xpath=//div[@class='login']'.</msg>
<arg>xpath=//div[@class='login']</arg>
<doc>Click the element identified by ``locator``.</doc>
<status status="PASS" start="2024-06-23T17:23:32.947880" elapsed="0.642103"/>
</kw>
<kw name="Input Text" owner="SeleniumLibrary">
<msg time="2024-06-23T17:23:33.590989" level="INFO">Typing text 'akkumar@q3tech.com' into text field 'id=edit-name'.</msg>
<arg>id=edit-name</arg>
<arg>${User-Email}</arg>
<doc>Types the given ``text`` into the text field identified by ``locator``.</doc>
<status status="PASS" start="2024-06-23T17:23:33.589983" elapsed="0.224865"/>
</kw>
<kw name="Input Password" owner="SeleniumLibrary">
<msg time="2024-06-23T17:23:33.815849" level="INFO">Typing password into text field 'id=edit-pass'.</msg>
<msg time="2024-06-23T17:23:33.861191" level="INFO">Temporally setting log level to: NONE</msg>
<arg>id=edit-pass</arg>
<arg>${User-Password}</arg>
<doc>Types the given password into the text field identified by ``locator``.</doc>
<status status="PASS" start="2024-06-23T17:23:33.814848" elapsed="0.111376"/>
</kw>
<kw name="Click Button" owner="SeleniumLibrary">
<msg time="2024-06-23T17:23:33.927226" level="INFO">Clicking button 'id=edit-submit'.</msg>
<arg>id=edit-submit</arg>
<doc>Clicks the button identified by ``locator``.</doc>
<status status="PASS" start="2024-06-23T17:23:33.927226" elapsed="1.880970"/>
</kw>
<status status="PASS" start="2024-06-23T17:23:31.626868" elapsed="4.181328"/>
</kw>
<kw name="Log Test Result" owner="LoginKeyword" type="TEARDOWN">
<kw name="Run Keyword If Test Passed" owner="BuiltIn">
<kw name="Log" owner="BuiltIn">
<msg time="2024-06-23T17:23:35.810157" level="INFO">Weldone test case pass - Tastelife-Login-PositiveCase</msg>
<arg>Weldone test case pass - ${TEST NAME}</arg>
<doc>Logs the given message with the given level.</doc>
<status status="PASS" start="2024-06-23T17:23:35.810157" elapsed="0.000000"/>
</kw>
<arg>Log</arg>
<arg>Weldone test case pass - ${TEST NAME}</arg>
<doc>Runs the given keyword with the given arguments, if the test passed.</doc>
<status status="PASS" start="2024-06-23T17:23:35.809148" elapsed="0.002009"/>
</kw>
<kw name="Run Keyword If Test Failed" owner="BuiltIn">
<arg>Log</arg>
<arg>Opps test case fail - ${TEST NAME}</arg>
<doc>Runs the given keyword with the given arguments, if the test failed.</doc>
<status status="PASS" start="2024-06-23T17:23:35.811157" elapsed="0.000000"/>
</kw>
<status status="PASS" start="2024-06-23T17:23:35.809148" elapsed="0.002009"/>
</kw>
<status status="PASS" start="2024-06-23T17:23:23.870981" elapsed="11.941174"/>
</test>
<status status="PASS" start="2024-06-23T17:23:23.620438" elapsed="12.193720"/>
</suite>
<status status="PASS" start="2024-06-23T17:23:23.596917" elapsed="12.224081"/>
</suite>
<statistics>
<total>
<stat pass="1" fail="0" skip="0">All Tests</stat>
</total>
<tag>
</tag>
<suite>
<stat pass="1" fail="0" skip="0" id="s1" name="Tastelife-Automation">Tastelife-Automation</stat>
<stat pass="1" fail="0" skip="0" id="s1-s1" name="TastelifeLogin">Tastelife-Automation.TastelifeLogin</stat>
</suite>
</statistics>
<errors>
</errors>
</robot>
